0 info it worked if it ends with ok
1 verbose cli [
1 verbose cli   'C:\\Program Files\\nodejs\\node.exe',
1 verbose cli   'C:\\Program Files\\nodejs\\node_modules\\npm\\bin\\npm-cli.js',
1 verbose cli   'run',
1 verbose cli   'start'
1 verbose cli ]
2 info using npm@6.14.12
3 info using node@v14.16.1
4 verbose stack Error: Failed to parse json
4 verbose stack Unexpected token P in JSON at position 589 while parsing near '...s": {
4 verbose stack     "start": PORT=80 "&react-app-...'
4 verbose stack     at parseError (C:\Users\ciciliu\AppData\Roaming\nvm\v14.16.1\node_modules\npm\node_modules\read-package-json\read-json.js:470:11)
4 verbose stack     at parseJson (C:\Users\ciciliu\AppData\Roaming\nvm\v14.16.1\node_modules\npm\node_modules\read-package-json\read-json.js:105:26)
4 verbose stack     at C:\Users\ciciliu\AppData\Roaming\nvm\v14.16.1\node_modules\npm\node_modules\read-package-json\read-json.js:52:5
4 verbose stack     at C:\Users\ciciliu\AppData\Roaming\nvm\v14.16.1\node_modules\npm\node_modules\graceful-fs\graceful-fs.js:123:16
4 verbose stack     at FSReqCallback.readFileAfterClose [as oncomplete] (internal/fs/read_file_context.js:63:3)
5 verbose cwd C:\Users\ciciliu\Desktop\新建文件夹\front-end-roadmap
6 verbose Windows_NT 10.0.19042
7 verbose argv "C:\\Program Files\\nodejs\\node.exe" "C:\\Program Files\\nodejs\\node_modules\\npm\\bin\\npm-cli.js" "run" "start"
8 verbose node v14.16.1
9 verbose npm  v6.14.12
10 error code EJSONPARSE
11 error file C:\Users\ciciliu\Desktop\新建文件夹\front-end-roadmap\package.json
12 error JSON.parse Failed to parse json
12 error JSON.parse Unexpected token P in JSON at position 589 while parsing near '...s": {
12 error JSON.parse     "start": PORT=80 "&react-app-...'
13 error JSON.parse Failed to parse package.json data.
13 error JSON.parse package.json must be actual JSON, not just JavaScript.
14 verbose exit [ 1, true ]
