0 info it worked if it ends with ok
1 verbose cli [
1 verbose cli   'C:\\Program Files\\nodejs\\node.exe',
1 verbose cli   'C:\\Program Files\\nodejs\\node_modules\\npm\\bin\\npm-cli.js',
1 verbose cli   'run',
1 verbose cli   'start'
1 verbose cli ]
2 info using npm@6.14.12
3 info using node@v14.16.1
4 verbose run-script [ 'prestart', 'start', 'poststart' ]
5 info lifecycle front-end-roadmap@0.1.0~prestart: front-end-roadmap@0.1.0
6 info lifecycle front-end-roadmap@0.1.0~start: front-end-roadmap@0.1.0
7 verbose lifecycle front-end-roadmap@0.1.0~start: unsafe-perm in lifecycle true
8 verbose lifecycle front-end-roadmap@0.1.0~start: PATH: C:\Users\ciciliu\AppData\Roaming\nvm\v14.16.1\node_modules\npm\node_modules\npm-lifecycle\node-gyp-bin;C:\Users\ciciliu\Desktop\新建文件夹\front-end-roadmap\node_modules\.bin;C:\Windows\system32;C:\Windows;C:\Windows\System32\Wbem;C:\Windows\System32\WindowsPowerShell\v1.0\;C:\Windows\System32\OpenSSH\;C:\Program Files\Git\cmd;C:\Program Files (x86)\Yarn\bin\;D:\;C:\Users\ciciliu\AppData\Local\Microsoft\WindowsApps;node_global;bin;C:\Users\ciciliu\AppData\Local\GitHubDesktop\bin;C:\Users\ciciliu\AppData\Local\Programs\Microsoft VS Code\bin;C:\Users\ciciliu\AppData\Roaming\nvm;C:\Program Files\nodejs;%NVM_HOME%;C:\Program Files\nodejs;C:\Program Files\dotnet\;C:\WINDOWS\system32;C:\WINDOWS;C:\WINDOWS\System32\Wbem;C:\WINDOWS\System32\WindowsPowerShell\v1.0\;C:\WINDOWS\System32\OpenSSH\;C:\Users\ciciliu\AppData\Local\Microsoft\WindowsApps;node_global;bin;C:\Users\ciciliu\AppData\Local\GitHubDesktop\bin;C:\Users\ciciliu\AppData\Roaming\nvm;C:\Program Files\nodejs;C:\Users\ciciliu\AppData\Local\Programs\Microsoft VS Code\bin;C:\Program Files (x86)\Yarn\bin;C:\Program Files\MongoDB\Server\4.4\bin;D:\mysql\mysql-8.0.24-winx64\bin;C:\Users\ciciliu\.dotnet\tools;
9 verbose lifecycle front-end-roadmap@0.1.0~start: CWD: C:\Users\ciciliu\Desktop\新建文件夹\front-end-roadmap
10 silly lifecycle front-end-roadmap@0.1.0~start: Args: [ '/d /s /c', '&react-app-rewired start' ]
11 silly lifecycle front-end-roadmap@0.1.0~start: Returned: code: 1  signal: null
12 info lifecycle front-end-roadmap@0.1.0~start: Failed to exec start script
13 verbose stack Error: front-end-roadmap@0.1.0 start: `&react-app-rewired start`
13 verbose stack Exit status 1
13 verbose stack     at EventEmitter.<anonymous> (C:\Users\ciciliu\AppData\Roaming\nvm\v14.16.1\node_modules\npm\node_modules\npm-lifecycle\index.js:332:16)
13 verbose stack     at EventEmitter.emit (events.js:315:20)
13 verbose stack     at ChildProcess.<anonymous> (C:\Users\ciciliu\AppData\Roaming\nvm\v14.16.1\node_modules\npm\node_modules\npm-lifecycle\lib\spawn.js:55:14)
13 verbose stack     at ChildProcess.emit (events.js:315:20)
13 verbose stack     at maybeClose (internal/child_process.js:1048:16)
13 verbose stack     at Process.ChildProcess._handle.onexit (internal/child_process.js:288:5)
14 verbose pkgid front-end-roadmap@0.1.0
15 verbose cwd C:\Users\ciciliu\Desktop\新建文件夹\front-end-roadmap
16 verbose Windows_NT 10.0.19042
17 verbose argv "C:\\Program Files\\nodejs\\node.exe" "C:\\Program Files\\nodejs\\node_modules\\npm\\bin\\npm-cli.js" "run" "start"
18 verbose node v14.16.1
19 verbose npm  v6.14.12
20 error code ELIFECYCLE
21 error errno 1
22 error front-end-roadmap@0.1.0 start: `&react-app-rewired start`
22 error Exit status 1
23 error Failed at the front-end-roadmap@0.1.0 start script.
23 error This is probably not a problem with npm. There is likely additional logging output above.
24 verbose exit [ 1, true ]
